<?xml version="1.0" encoding="UTF-8"?>
<!-- Generated by org.testng.reporters.JUnitReportReporter -->
<testsuite hostname="ARKIND-LP-028" failures="0" tests="1" name="testcases.SearchPageTest" time="0.690" errors="0" timestamp="2020-12-30T14:52:48 IST" skipped="0">
  <testcase classname="testcases.SearchPageTest" name="verifyPageTitle" time="0.690"/>
  <system-out/>
</testsuite> <!-- testcases.SearchPageTest -->
