<?xml version="1.0" encoding="UTF-8"?>
<!-- Generated by org.testng.reporters.JUnitReportReporter -->
<testsuite hostname="ARKIND-LP-028" failures="0" tests="1" name="testcases.FormPageTest" time="0.859" errors="0" timestamp="2020-12-30T14:49:06 IST" skipped="0">
  <testcase classname="testcases.FormPageTest" name="verifyPageTitle" time="0.859"/>
  <system-out/>
</testsuite> <!-- testcases.FormPageTest -->
